<?xml version="1.0" encoding="utf-8"?><testsuites><testsuite name="pytest" errors="0" failures="0" skipped="0" tests="1" time="0.526" timestamp="2023-08-03T15:34:58.719038" hostname="fv-az216-369"><testcase classname="tests.kser.test_install.InstallTest" name="test_install" time="0.003" /></testsuite></testsuites>