<?xml version="1.0" encoding="utf-8"?><testsuites><testsuite name="pytest" errors="0" failures="0" skipped="0" tests="1" time="0.389" timestamp="2023-11-15T14:55:02.213463" hostname="fv-az520-462"><testcase classname="tests.kser_crypto.test_install.InstallTest" name="test_install" time="0.002" /></testsuite></testsuites>