<?xml version="1.0" encoding="utf-8"?><testsuites><testsuite name="pytest" errors="0" failures="0" skipped="0" tests="1" time="0.647" timestamp="2023-10-02T15:06:00.247678" hostname="fv-az438-341"><testcase classname="tests.kser_crypto.test_install.InstallTest" name="test_install" time="0.002" /></testsuite></testsuites>